<?xml version="1.0" encoding="UTF-8"?>
<!-- Generated by org.testng.reporters.JUnitReportReporter -->
<testsuite hostname="LAPTOP-P5UPK79D" failures="0" tests="1" name="com.aditya.tests.DashboardTest" time="3.499" errors="0" timestamp="2025-06-20T12:03:41 IST" skipped="0">
  <testcase classname="com.aditya.tests.DashboardTest" name="dashboardLoadTest" time="3.499"/>
</testsuite> <!-- com.aditya.tests.DashboardTest -->
